<?xml version="1.0" encoding="UTF-8"?>
<testng-results ignored="0" total="2" passed="2" failed="0" skipped="0">
  <reporter-output>
  </reporter-output>
  <suite started-at="2025-01-19T22:09:26 IST" name="Suite" finished-at="2025-01-19T22:11:16 IST" duration-ms="109798">
    <groups>
    </groups>
    <test started-at="2025-01-19T22:09:26 IST" name="Test" finished-at="2025-01-19T22:11:16 IST" duration-ms="109798">
      <class name="testCases.Tc_login">
        <test-method is-config="true" signature="stup()[pri:0, instance:testCases.Tc_login@6f4a47c7]" started-at="2025-01-19T22:10:23 IST" name="stup" finished-at="2025-01-19T22:11:10 IST" duration-ms="46542" status="PASS">
          <reporter-output>
          </reporter-output>
        </test-method> <!-- stup -->
        <test-method signature="Verify_Account_login()[pri:0, instance:testCases.Tc_login@6f4a47c7]" started-at="2025-01-19T22:11:10 IST" name="Verify_Account_login" finished-at="2025-01-19T22:11:16 IST" duration-ms="6040" status="PASS">
          <reporter-output>
          </reporter-output>
        </test-method> <!-- Verify_Account_login -->
        <test-method is-config="true" signature="tearDown()[pri:0, instance:testCases.Tc_login@6f4a47c7]" started-at="2025-01-19T22:11:16 IST" name="tearDown" finished-at="2025-01-19T22:11:16 IST" duration-ms="276" status="PASS">
          <reporter-output>
          </reporter-output>
        </test-method> <!-- tearDown -->
      </class> <!-- testCases.Tc_login -->
      <class name="testCases.Tc_accountRegistrationTest">
        <test-method is-config="true" signature="stup()[pri:0, instance:testCases.Tc_accountRegistrationTest@37ceb1df]" started-at="2025-01-19T22:09:26 IST" name="stup" finished-at="2025-01-19T22:10:17 IST" duration-ms="51228" status="PASS">
          <reporter-output>
          </reporter-output>
        </test-method> <!-- stup -->
        <test-method signature="Verify_account_registration()[pri:0, instance:testCases.Tc_accountRegistrationTest@37ceb1df]" started-at="2025-01-19T22:10:17 IST" name="Verify_account_registration" finished-at="2025-01-19T22:10:23 IST" duration-ms="5427" status="PASS">
          <reporter-output>
          </reporter-output>
        </test-method> <!-- Verify_account_registration -->
        <test-method is-config="true" signature="tearDown()[pri:0, instance:testCases.Tc_accountRegistrationTest@37ceb1df]" started-at="2025-01-19T22:10:23 IST" name="tearDown" finished-at="2025-01-19T22:10:23 IST" duration-ms="185" status="PASS">
          <reporter-output>
          </reporter-output>
        </test-method> <!-- tearDown -->
      </class> <!-- testCases.Tc_accountRegistrationTest -->
    </test> <!-- Test -->
  </suite> <!-- Suite -->
</testng-results>
